> Task :checkKotlinGradlePluginConfigurationErrors
> Task :compileKotlin UP-TO-DATE
> Task :compileJava NO-SOURCE
> Task :processResources UP-TO-DATE
> Task :classes UP-TO-DATE
> Task :resolveMainClassName UP-TO-DATE

> Task :bootRun

  .   ____          _            __ _ _
 /\\ / ___'_ __ _ _(_)_ __  __ _ \ \ \ \
( ( )\___ | '_ | '_| | '_ \/ _` | \ \ \ \
 \\/  ___)| |_)| | | | | || (_| |  ) ) ) )
  '  |____| .__|_| |_|_| |_\__, | / / / /
 =========|_|==============|___/=/_/_/_/

 :: Spring Boot ::                (v3.5.0)

2025-09-06T08:48:13.059-03:00  INFO 123304 --- [kotlin-api] [  restartedMain] b.c.a.k.k.KotlinApiApplicationKt         : Starting KotlinApiApplicationKt using Java 17.0.16 with PID 123304 (/home/japa2k/Desktop/projects/SDK-AntiFraud/kotlin-api/build/classes/kotlin/main started by japa2k in /home/japa2k/Desktop/projects/SDK-AntiFraud/kotlin-api)
2025-09-06T08:48:13.065-03:00  INFO 123304 --- [kotlin-api] [  restartedMain] b.c.a.k.k.KotlinApiApplicationKt         : No active profile set, falling back to 1 default profile: "default"
2025-09-06T08:48:13.203-03:00  INFO 123304 --- [kotlin-api] [  restartedMain] .e.DevToolsPropertyDefaultsPostProcessor : Devtools property defaults active! Set 'spring.devtools.add-properties' to 'false' to disable
2025-09-06T08:48:13.204-03:00  INFO 123304 --- [kotlin-api] [  restartedMain] .e.DevToolsPropertyDefaultsPostProcessor : For additional web related logging consider setting the 'logging.level.web' property to 'DEBUG'
2025-09-06T08:48:15.246-03:00  INFO 123304 --- [kotlin-api] [  restartedMain] o.s.b.w.embedded.tomcat.TomcatWebServer  : Tomcat initialized with port 8080 (http)
2025-09-06T08:48:15.269-03:00  INFO 123304 --- [kotlin-api] [  restartedMain] o.apache.catalina.core.StandardService   : Starting service [Tomcat]
2025-09-06T08:48:15.269-03:00  INFO 123304 --- [kotlin-api] [  restartedMain] o.apache.catalina.core.StandardEngine    : Starting Servlet engine: [Apache Tomcat/10.1.41]
2025-09-06T08:48:15.328-03:00  INFO 123304 --- [kotlin-api] [  restartedMain] o.a.c.c.C.[Tomcat].[localhost].[/]       : Initializing Spring embedded WebApplicationContext
2025-09-06T08:48:15.330-03:00  INFO 123304 --- [kotlin-api] [  restartedMain] w.s.c.ServletWebServerApplicationContext : Root WebApplicationContext: initialization completed in 2123 ms
2025-09-06T08:48:16.346-03:00  INFO 123304 --- [kotlin-api] [  restartedMain] o.s.b.d.a.OptionalLiveReloadServer       : LiveReload server is running on port 35729
2025-09-06T08:48:16.393-03:00  INFO 123304 --- [kotlin-api] [  restartedMain] o.s.b.w.embedded.tomcat.TomcatWebServer  : Tomcat started on port 8080 (http) with context path '/'
2025-09-06T08:48:16.412-03:00  INFO 123304 --- [kotlin-api] [  restartedMain] b.c.a.k.k.KotlinApiApplicationKt         : Started KotlinApiApplicationKt in 4.352 seconds (process running for 5.195)
